<?xml version="1.0" encoding="UTF-8"?>
<!-- Generated by org.testng.reporters.JUnitXMLReporter -->
<testsuite hostname="LAPTOP-D34DC2QJ" ignored="0" name="Test" tests="1" failures="1" timestamp="2020-07-18T14:55:24 IST" time="11.887" errors="0">
  <testcase name="failed_TC1" time="0.099" classname="com.busyqa.test.TestCases.Failed_TC">
    <failure type="java.lang.AssertionError" message="expected [true] but found [false]">
      <![CDATA[java.lang.AssertionError: expected [true] but found [false]
at com.busyqa.test.TestCases.Failed_TC.failed_TC1(Failed_TC.java:32)
at java.util.ArrayList.forEach(ArrayList.java:1257)
... Removed 32 stack frames]]>
    </failure>
  </testcase> <!-- failed_TC1 -->
</testsuite> <!-- Test -->
